<?xml version="1.0" encoding="UTF-8"?>
<!-- Generated by org.testng.reporters.JUnitXMLReporter -->
<testsuite ignored="0" hostname="DESKTOP-ONQMD74" failures="0" tests="3" name="Test" time="27.399" errors="0" timestamp="2025-05-02T13:54:35 IST">
  <testcase classname="testCases.TC001_AccountRegistrationTest" name="verify_account_registration" time="2.686"/>
  <testcase classname="testCases.TC002_LoginTest" name="verify_Login" time="2.641"/>
  <testcase classname="testCases.TC003_AddProductToCartTest" name="verifyProductAddToCart" time="2.275"/>
</testsuite> <!-- Test -->
