<?xml version="1.0" encoding="UTF-8"?>
<testng-results ignored="0" total="2" passed="2" failed="0" skipped="0">
  <reporter-output>
  </reporter-output>
  <suite started-at="2025-04-23T17:56:09 IST" name="suite" finished-at="2025-04-23T17:56:28 IST" duration-ms="19298">
    <groups>
    </groups>
    <test started-at="2025-04-23T17:56:09 IST" name="Test" finished-at="2025-04-23T17:56:28 IST" duration-ms="19298">
      <class name="testCases.TC002_LoginTest">
        <test-method is-config="true" signature="setup(java.lang.String,java.lang.String)[pri:0, instance:testCases.TC002_LoginTest@590c73d3]" started-at="2025-04-23T17:56:20 IST" name="setup" finished-at="2025-04-23T17:56:25 IST" duration-ms="4375" status="PASS">
          <params>
            <param index="0">
              <value>
                <![CDATA[Windows]]>
              </value>
            </param>
            <param index="1">
              <value>
                <![CDATA[chrome]]>
              </value>
            </param>
          </params>
          <reporter-output>
          </reporter-output>
        </test-method> <!-- setup -->
        <test-method signature="verify_Login()[pri:0, instance:testCases.TC002_LoginTest@590c73d3]" started-at="2025-04-23T17:56:25 IST" name="verify_Login" finished-at="2025-04-23T17:56:28 IST" duration-ms="2877" status="PASS">
          <reporter-output>
          </reporter-output>
        </test-method> <!-- verify_Login -->
        <test-method is-config="true" signature="tearDown()[pri:0, instance:testCases.TC002_LoginTest@590c73d3]" started-at="2025-04-23T17:56:28 IST" name="tearDown" finished-at="2025-04-23T17:56:28 IST" duration-ms="281" status="PASS">
          <reporter-output>
          </reporter-output>
        </test-method> <!-- tearDown -->
      </class> <!-- testCases.TC002_LoginTest -->
      <class name="testCases.TC001_AccountRegistrationTest">
        <test-method is-config="true" signature="setup(java.lang.String,java.lang.String)[pri:0, instance:testCases.TC001_AccountRegistrationTest@2fea7088]" started-at="2025-04-23T17:56:09 IST" name="setup" finished-at="2025-04-23T17:56:17 IST" duration-ms="8339" status="PASS">
          <params>
            <param index="0">
              <value>
                <![CDATA[Windows]]>
              </value>
            </param>
            <param index="1">
              <value>
                <![CDATA[chrome]]>
              </value>
            </param>
          </params>
          <reporter-output>
          </reporter-output>
        </test-method> <!-- setup -->
        <test-method signature="verify_account_registration()[pri:0, instance:testCases.TC001_AccountRegistrationTest@2fea7088]" started-at="2025-04-23T17:56:17 IST" name="verify_account_registration" finished-at="2025-04-23T17:56:20 IST" duration-ms="2770" status="PASS">
          <reporter-output>
          </reporter-output>
        </test-method> <!-- verify_account_registration -->
        <test-method is-config="true" signature="tearDown()[pri:0, instance:testCases.TC001_AccountRegistrationTest@2fea7088]" started-at="2025-04-23T17:56:20 IST" name="tearDown" finished-at="2025-04-23T17:56:20 IST" duration-ms="333" status="PASS">
          <reporter-output>
          </reporter-output>
        </test-method> <!-- tearDown -->
      </class> <!-- testCases.TC001_AccountRegistrationTest -->
    </test> <!-- Test -->
  </suite> <!-- suite -->
</testng-results>
