<?xml version="1.0" encoding="UTF-8"?>
<testng-results ignored="0" total="2" passed="2" failed="0" skipped="0">
  <reporter-output>
  </reporter-output>
  <suite started-at="2025-04-26T10:24:44 IST" name="suite" finished-at="2025-04-26T10:25:32 IST" duration-ms="47663">
    <groups>
    </groups>
    <test started-at="2025-04-26T10:24:44 IST" name="Test" finished-at="2025-04-26T10:25:32 IST" duration-ms="47663">
      <class name="testCases.TC002_LoginTest">
        <test-method is-config="true" signature="setup(java.lang.String,java.lang.String)[pri:0, instance:testCases.TC002_LoginTest@590c73d3]" started-at="2025-04-26T10:25:16 IST" name="setup" finished-at="2025-04-26T10:25:28 IST" duration-ms="12396" status="PASS">
          <params>
            <param index="0">
              <value>
                <![CDATA[Windows]]>
              </value>
            </param>
            <param index="1">
              <value>
                <![CDATA[chrome]]>
              </value>
            </param>
          </params>
          <reporter-output>
          </reporter-output>
        </test-method> <!-- setup -->
        <test-method signature="verify_Login()[pri:0, instance:testCases.TC002_LoginTest@590c73d3]" started-at="2025-04-26T10:25:28 IST" name="verify_Login" finished-at="2025-04-26T10:25:32 IST" duration-ms="3265" status="PASS">
          <reporter-output>
          </reporter-output>
        </test-method> <!-- verify_Login -->
        <test-method is-config="true" signature="tearDown()[pri:0, instance:testCases.TC002_LoginTest@590c73d3]" started-at="2025-04-26T10:25:32 IST" name="tearDown" finished-at="2025-04-26T10:25:32 IST" duration-ms="401" status="PASS">
          <reporter-output>
          </reporter-output>
        </test-method> <!-- tearDown -->
      </class> <!-- testCases.TC002_LoginTest -->
      <class name="testCases.TC001_AccountRegistrationTest">
        <test-method is-config="true" signature="setup(java.lang.String,java.lang.String)[pri:0, instance:testCases.TC001_AccountRegistrationTest@2fea7088]" started-at="2025-04-26T10:24:45 IST" name="setup" finished-at="2025-04-26T10:25:10 IST" duration-ms="24923" status="PASS">
          <params>
            <param index="0">
              <value>
                <![CDATA[Windows]]>
              </value>
            </param>
            <param index="1">
              <value>
                <![CDATA[chrome]]>
              </value>
            </param>
          </params>
          <reporter-output>
          </reporter-output>
        </test-method> <!-- setup -->
        <test-method signature="verify_account_registration()[pri:0, instance:testCases.TC001_AccountRegistrationTest@2fea7088]" started-at="2025-04-26T10:25:10 IST" name="verify_account_registration" finished-at="2025-04-26T10:25:15 IST" duration-ms="5513" status="PASS">
          <reporter-output>
          </reporter-output>
        </test-method> <!-- verify_account_registration -->
        <test-method is-config="true" signature="tearDown()[pri:0, instance:testCases.TC001_AccountRegistrationTest@2fea7088]" started-at="2025-04-26T10:25:15 IST" name="tearDown" finished-at="2025-04-26T10:25:16 IST" duration-ms="708" status="PASS">
          <reporter-output>
          </reporter-output>
        </test-method> <!-- tearDown -->
      </class> <!-- testCases.TC001_AccountRegistrationTest -->
    </test> <!-- Test -->
  </suite> <!-- suite -->
</testng-results>
