<?xml version="1.0" encoding="UTF-8"?>
<testng-results ignored="0" total="3" passed="3" failed="0" skipped="0">
  <reporter-output>
  </reporter-output>
  <suite started-at="2025-05-02T13:54:08 IST" name="suite" finished-at="2025-05-02T13:54:35 IST" duration-ms="27399">
    <groups>
    </groups>
    <test started-at="2025-05-02T13:54:08 IST" name="Test" finished-at="2025-05-02T13:54:35 IST" duration-ms="27399">
      <class name="testCases.TC002_LoginTest">
        <test-method is-config="true" signature="setup(java.lang.String,java.lang.String)[pri:0, instance:testCases.TC002_LoginTest@50eca7c6]" started-at="2025-05-02T13:54:17 IST" name="setup" finished-at="2025-05-02T13:54:23 IST" duration-ms="5724" status="PASS">
          <params>
            <param index="0">
              <value>
                <![CDATA[Windows]]>
              </value>
            </param>
            <param index="1">
              <value>
                <![CDATA[chrome]]>
              </value>
            </param>
          </params>
          <reporter-output>
          </reporter-output>
        </test-method> <!-- setup -->
        <test-method signature="verify_Login()[pri:0, instance:testCases.TC002_LoginTest@50eca7c6]" started-at="2025-05-02T13:54:23 IST" name="verify_Login" finished-at="2025-05-02T13:54:26 IST" duration-ms="2641" status="PASS">
          <reporter-output>
          </reporter-output>
        </test-method> <!-- verify_Login -->
        <test-method is-config="true" signature="tearDown()[pri:0, instance:testCases.TC002_LoginTest@50eca7c6]" started-at="2025-05-02T13:54:26 IST" name="tearDown" finished-at="2025-05-02T13:54:26 IST" duration-ms="290" status="PASS">
          <reporter-output>
          </reporter-output>
        </test-method> <!-- tearDown -->
      </class> <!-- testCases.TC002_LoginTest -->
      <class name="testCases.TC001_AccountRegistrationTest">
        <test-method is-config="true" signature="setup(java.lang.String,java.lang.String)[pri:0, instance:testCases.TC001_AccountRegistrationTest@470a696f]" started-at="2025-05-02T13:54:08 IST" name="setup" finished-at="2025-05-02T13:54:14 IST" duration-ms="6607" status="PASS">
          <params>
            <param index="0">
              <value>
                <![CDATA[Windows]]>
              </value>
            </param>
            <param index="1">
              <value>
                <![CDATA[chrome]]>
              </value>
            </param>
          </params>
          <reporter-output>
          </reporter-output>
        </test-method> <!-- setup -->
        <test-method signature="verify_account_registration()[pri:0, instance:testCases.TC001_AccountRegistrationTest@470a696f]" started-at="2025-05-02T13:54:14 IST" name="verify_account_registration" finished-at="2025-05-02T13:54:17 IST" duration-ms="2686" status="PASS">
          <reporter-output>
          </reporter-output>
        </test-method> <!-- verify_account_registration -->
        <test-method is-config="true" signature="tearDown()[pri:0, instance:testCases.TC001_AccountRegistrationTest@470a696f]" started-at="2025-05-02T13:54:17 IST" name="tearDown" finished-at="2025-05-02T13:54:17 IST" duration-ms="308" status="PASS">
          <reporter-output>
          </reporter-output>
        </test-method> <!-- tearDown -->
      </class> <!-- testCases.TC001_AccountRegistrationTest -->
      <class name="testCases.TC003_AddProductToCartTest">
        <test-method is-config="true" signature="setup(java.lang.String,java.lang.String)[pri:0, instance:testCases.TC003_AddProductToCartTest@58e6d4b8]" started-at="2025-05-02T13:54:26 IST" name="setup" finished-at="2025-05-02T13:54:32 IST" duration-ms="6295" status="PASS">
          <params>
            <param index="0">
              <value>
                <![CDATA[Windows]]>
              </value>
            </param>
            <param index="1">
              <value>
                <![CDATA[chrome]]>
              </value>
            </param>
          </params>
          <reporter-output>
          </reporter-output>
        </test-method> <!-- setup -->
        <test-method signature="verifyProductAddToCart()[pri:0, instance:testCases.TC003_AddProductToCartTest@58e6d4b8]" started-at="2025-05-02T13:54:32 IST" name="verifyProductAddToCart" finished-at="2025-05-02T13:54:35 IST" duration-ms="2275" status="PASS">
          <reporter-output>
          </reporter-output>
        </test-method> <!-- verifyProductAddToCart -->
        <test-method is-config="true" signature="tearDown()[pri:0, instance:testCases.TC003_AddProductToCartTest@58e6d4b8]" started-at="2025-05-02T13:54:35 IST" name="tearDown" finished-at="2025-05-02T13:54:35 IST" duration-ms="320" status="PASS">
          <reporter-output>
          </reporter-output>
        </test-method> <!-- tearDown -->
      </class> <!-- testCases.TC003_AddProductToCartTest -->
    </test> <!-- Test -->
  </suite> <!-- suite -->
</testng-results>
